2023-07-20 19:53:12,122 INFO  [TestResultLogger] Starting test: addToCartEndToEndTest 
2023-07-20 19:53:14,653 INFO  [TestResultLogger] Navigated to the page 
2023-07-20 19:53:14,660 INFO  [TestResultLogger] The page is accessible 
2023-07-20 19:53:14,718 INFO  [TestResultLogger] All the cookies have been accepted 
2023-07-20 19:53:14,760 INFO  [TestResultLogger] Giris Yap element has been clicked 
2023-07-20 19:53:18,041 INFO  [TestResultLogger] Giris Yap link has been clicked 
2023-07-20 19:53:18,608 INFO  [TestResultLogger] The email has been fetched from the Excel file? 
2023-07-20 19:53:18,687 INFO  [TestResultLogger] The email has been passed in the input box 
2023-07-20 19:53:18,713 INFO  [TestResultLogger] The password has been retrieved from the Excel file 
2023-07-20 19:53:18,768 INFO  [TestResultLogger] The password has been passed in the input box 
2023-07-20 19:53:19,738 INFO  [TestResultLogger] Giris yap button has been hit 
2023-07-20 19:53:19,766 INFO  [TestResultLogger] Assertion text has been obtained from the Excel file 
2023-07-20 19:53:19,796 INFO  [TestResultLogger] Login has been successfully executed 
2023-07-20 19:53:19,816 INFO  [TestResultLogger] Search keyword has been obtained from the Excel file 
2023-07-20 19:53:19,870 INFO  [TestResultLogger] Search keyword has been passed in the search box 
2023-07-20 19:53:19,913 INFO  [TestResultLogger] search button has been hit 
2023-07-20 19:53:21,217 INFO  [TestResultLogger] Cep Telefonu option has been checked 
2023-07-20 19:53:41,258 INFO  [TestResultLogger] All the text contents of the products listed have been added into a list 
2023-07-20 19:53:41,258 INFO  [TestResultLogger] It has been verified that all the products listed are Samsung branded 
2023-07-20 19:53:43,676 INFO  [TestResultLogger] The fifth product from the top has been clicked 
2023-07-20 19:53:44,733 INFO  [TestResultLogger] Favorilere ekle icon has been clicked 
2023-07-20 19:54:04,825 INFO  [TestResultLogger] Tamam button in the remove pop up has been pressed 
2023-07-20 19:54:04,992 INFO  [TestResultLogger] Favorilere ekle icon has been clicked 
2023-07-20 19:54:05,282 INFO  [TestResultLogger] It has been verified that the pop up window has been displayed 
2023-07-20 19:54:05,299 INFO  [TestResultLogger] The pop up window has been closed 
2023-07-20 19:54:05,765 INFO  [TestResultLogger] Hesabım button has been hit 
2023-07-20 19:54:06,847 INFO  [TestResultLogger] Favori ürünlerim link has been hit 
2023-07-20 19:54:06,874 INFO  [TestResultLogger] it has been verified that the product has been added into the favorite list 
2023-07-20 19:54:06,962 INFO  [TestResultLogger] Sepete ekle button has been hit 
2023-07-20 19:54:07,258 INFO  [TestResultLogger] sepete eklendi pop up has been displayed 
2023-07-20 19:54:08,607 INFO  [TestResultLogger] Sepete git button has been hit 
2023-07-20 19:54:09,564 INFO  [TestResultLogger] Close pop button has been hit 
2023-07-20 19:54:09,621 INFO  [TestResultLogger] Trash button has been hit 
2023-07-20 19:54:10,435 INFO  [TestResultLogger] It has been verified that the product is removed 
2023-07-20 19:54:10,437 INFO  [TestResultLogger] Test passed: addToCartEndToEndTest 
2023-07-20 19:54:10,679 INFO  [TestResultLogger] The page has been closed 
2023-07-20 19:54:10,882 INFO  [TestResultLogger] All the test status have been saved in an Excel file 
